<?xml version="1.0" encoding="UTF-8" ?>
<testsuite errors="0" failures="0" hostname="Oberon-PC" name="hr.fer.zemris.bool.MasksTest" skipped="0" tests="2" time="0.052" timestamp="2014-04-07T05:51:05">
  <properties>
    <property name="java.vendor" value="Oracle Corporation" />
    <property name="sun.java.launcher" value="SUN_STANDARD" />
    <property name="sun.management.compiler" value="HotSpot 64-Bit Tiered Compilers" />
    <property name="dist" value="D:\ZEclipseProjects\HW04-0036441995\dist" />
    <property name="os.name" value="Windows 7" />
    <property name="sun.boot.class.path" value="C:\Program Files\Java\jdk1.7.0_45\jre\lib\resources.jar;C:\Program Files\Java\jdk1.7.0_45\jre\lib\rt.jar;C:\Program Files\Java\jdk1.7.0_45\jre\lib\sunrsasign.jar;C:\Program Files\Java\jdk1.7.0_45\jre\lib\jsse.jar;C:\Program Files\Java\jdk1.7.0_45\jre\lib\jce.jar;C:\Program Files\Java\jdk1.7.0_45\jre\lib\charsets.jar;C:\Program Files\Java\jdk1.7.0_45\jre\lib\jfr.jar;C:\Program Files\Java\jdk1.7.0_45\jre\classes" />
    <property name="TODAY" value="April 7 2014" />
    <property name="user.country.format" value="HR" />
    <property name="findbugs.home" value="d:/Programi/findbugs-2.0.3" />
    <property name="ant.file.type.HW04-0036441995" value="file" />
    <property name="sun.desktop" value="windows" />
    <property name="java.vm.specification.vendor" value="Oracle Corporation" />
    <property name="ant.home" value="D:\Programi\apache-ant-1.9.3" />
    <property name="java.runtime.version" value="1.7.0_45-b18" />
    <property name="user.name" value="Oberon" />
    <property name="user.language.format" value="hr" />
    <property name="src.java" value="D:\ZEclipseProjects\HW04-0036441995\src\main\java" />
    <property name="dist.lib" value="D:\ZEclipseProjects\HW04-0036441995\dist\lib" />
    <property name="user.language" value="en" />
    <property name="build" value="D:\ZEclipseProjects\HW04-0036441995\build" />
    <property name="sun.boot.library.path" value="C:\Program Files\Java\jdk1.7.0_45\jre\bin" />
    <property name="ant.project.default-target" value="jar" />
    <property name="ant.project.name" value="HW04-0036441995" />
    <property name="DSTAMP" value="20140407" />
    <property name="java.version" value="1.7.0_45" />
    <property name="user.timezone" value="" />
    <property name="sun.arch.data.model" value="64" />
    <property name="java.endorsed.dirs" value="C:\Program Files\Java\jdk1.7.0_45\jre\lib\endorsed" />
    <property name="sun.cpu.isalist" value="amd64" />
    <property name="sun.jnu.encoding" value="Cp1250" />
    <property name="file.encoding.pkg" value="sun.io" />
    <property name="file.separator" value="\" />
    <property name="java.specification.name" value="Java Platform API Specification" />
    <property name="jacoco.home" value="d:/Programi/jacoco-0.7.0" />
    <property name="checkstyle.home" value="d:/Programi/checkstyle-5.7" />
    <property name="java.class.version" value="51.0" />
    <property name="src" value="D:\ZEclipseProjects\HW04-0036441995\src" />
    <property name="user.country" value="US" />
    <property name="java.home" value="C:\Program Files\Java\jdk1.7.0_45\jre" />
    <property name="java.vm.info" value="mixed mode" />
    <property name="ant.file" value="D:\ZEclipseProjects\HW04-0036441995\build.xml" />
    <property name="os.version" value="6.1" />
    <property name="path.separator" value=";" />
    <property name="java.vm.version" value="24.45-b08" />
    <property name="user.variant" value="" />
    <property name="ant.library.dir" value="D:\Programi\apache-ant-1.9.3\lib" />
    <property name="java.awt.printerjob" value="sun.awt.windows.WPrinterJob" />
    <property name="sun.io.unicode.encoding" value="UnicodeLittle" />
    <property name="awt.toolkit" value="sun.awt.windows.WToolkit" />
    <property name="_jacoco.agentFile" value="C:\Users\Oberon\AppData\Local\Temp\jacocoagent7764610543651324239.jar" />
    <property name="xalan.home" value="d:/Programi/xalan-j_2_7_1" />
    <property name="user.script" value="" />
    <property name="user.home" value="C:\Users\Oberon" />
    <property name="java.specification.vendor" value="Oracle Corporation" />
    <property name="java.library.path" value="C:\Program Files\Java\jdk1.7.0_45\jre\bin;C:\Windows\Sun\Java\bin;C:\Windows\system32;C:\Windows;C:\Windows\system32;C:\Windows;C:\Windows\System32\Wbem;C:\Windows\System32\WindowsPowerShell\v1.0\;C:\Program Files (x86)\ATI Technologies\ATI.ACE\Core-Static;C:\Program Files (x86)\Common Files\Acronis\SnapAPI\;C:\Users\Oberon\Desktop\adt-bundle-windows-x86_64-20130917\android-ndk-r9b;C:\Program Files\MiKTeX 2.9\miktex\bin\x64\;C:\Program Files (x86)\Windows Kits\8.0\Windows Performance Toolkit\;C:\Program Files\Microsoft SQL Server\110\Tools\Binn\;C:\Program Files (x86)\Git\cmd;C:\Program Files\Java\jdk1.7.0_45\bin;C:\Program Files\Java\jre7\bin;D:\Programi\apache-ant-1.9.3\bin;FINDBUGS_HOME\bin;." />
    <property name="java.vendor.url" value="http://java.oracle.com/" />
    <property name="java.vm.vendor" value="Oracle Corporation" />
    <property name="java.runtime.name" value="Java(TM) SE Runtime Environment" />
    <property name="sun.java.command" value="org.apache.tools.ant.taskdefs.optional.junit.JUnitTestRunner testsfile=D:\ZEclipseProjects\HW04-0036441995\junittestcases5190128118103613987.properties skipNonTests=false filtertrace=true haltOnError=false haltOnFailure=true formatter=org.apache.tools.ant.taskdefs.optional.junit.SummaryJUnitResultFormatter showoutput=false outputtoformatters=true logfailedtests=true logtestlistenerevents=false formatter=org.apache.tools.ant.taskdefs.optional.junit.PlainJUnitResultFormatter,D:\ZEclipseProjects\HW04-0036441995\dist\test-reports\xml\IGNORETHIS.txt formatter=org.apache.tools.ant.taskdefs.optional.junit.XMLJUnitResultFormatter,D:\ZEclipseProjects\HW04-0036441995\dist\test-reports\xml\IGNORETHIS.xml crashfile=D:\ZEclipseProjects\HW04-0036441995\junitvmwatcher2694535723347849676.properties propsfile=D:\ZEclipseProjects\HW04-0036441995\junit7585603049921000850.properties" />
    <property name="java.class.path" value="D:\ZEclipseProjects\HW04-0036441995\build\classes;D:\ZEclipseProjects\HW04-0036441995\build\test;d:\Programi\junit-4.11\hamcrest-core-1.3.jar;d:\Programi\junit-4.11\junit-4.11.jar;D:\Programi\apache-ant-1.9.3\lib\ant-launcher.jar;D:\Programi\apache-ant-1.9.3\lib\ant.jar;D:\Programi\apache-ant-1.9.3\lib\ant-junit.jar;D:\Programi\apache-ant-1.9.3\lib\ant-junit4.jar;C:\Users\Oberon\AppData\Local\Temp\jacocoagent7764610543651324239.jar" />
    <property name="ant.version" value="Apache Ant(TM) version 1.9.3 compiled on December 23 2013" />
    <property name="TSTAMP" value="0751" />
    <property name="java.vm.specification.name" value="Java Virtual Machine Specification" />
    <property name="ant.file.type" value="file" />
    <property name="program" value="hr.fer.zemris.java.tecaj.hw3" />
    <property name="java.vm.specification.version" value="1.7" />
    <property name="build.classes" value="D:\ZEclipseProjects\HW04-0036441995\build\classes" />
    <property name="sun.cpu.endian" value="little" />
    <property name="sun.os.patch.level" value="Service Pack 1" />
    <property name="src.test" value="D:\ZEclipseProjects\HW04-0036441995\src\test\java" />
    <property name="java.io.tmpdir" value="C:\Users\Oberon\AppData\Local\Temp\" />
    <property name="pmd.home" value="d:/Programi/pmd-bin-5.1.0" />
    <property name="java.vendor.url.bug" value="http://bugreport.sun.com/bugreport/" />
    <property name="ant.file.HW04-0036441995" value="D:\ZEclipseProjects\HW04-0036441995\build.xml" />
    <property name="java.awt.graphicsenv" value="sun.awt.Win32GraphicsEnvironment" />
    <property name="os.arch" value="amd64" />
    <property name="java.ext.dirs" value="C:\Program Files\Java\jdk1.7.0_45\jre\lib\ext;C:\Windows\Sun\Java\lib\ext" />
    <property name="user.dir" value="D:\ZEclipseProjects\HW04-0036441995" />
    <property name="line.separator" value="&#xd;&#xa;" />
    <property name="java.vm.name" value="Java HotSpot(TM) 64-Bit Server VM" />
    <property name="basedir" value="D:\ZEclipseProjects\HW04-0036441995" />
    <property name="junit.home" value="d:/Programi/junit-4.11" />
    <property name="ant.java.version" value="1.7" />
    <property name="ant.core.lib" value="D:\Programi\apache-ant-1.9.3\lib\ant.jar" />
    <property name="file.encoding" value="Cp1250" />
    <property name="build.test" value="D:\ZEclipseProjects\HW04-0036441995\build\test" />
    <property name="java.specification.version" value="1.7" />
    <property name="ant.project.invoked-targets" value="reports" />
  </properties>
  <testcase classname="hr.fer.zemris.bool.MasksTest" name="testFromIndexes" time="0.043" />
  <testcase classname="hr.fer.zemris.bool.MasksTest" name="testFromStrings" time="0.0" />
  <system-out><![CDATA[]]></system-out>
  <system-err><![CDATA[]]></system-err>
</testsuite>
